<?xml version="1.0" encoding="UTF-8"?>
<TestRun id="26e2adec-51f8-46fd-9c4a-c62fc7faa7a0" name="cfc@CFC-WINDOWS 2013-03-07 22:43:59" runUser="cfc-windows\cfc" xmlns="http://microsoft.com/schemas/VisualStudio/TeamTest/2010">
  <TestSettings name="Local" id="d3654c14-fcf5-4f6a-ac3b-24d3329e6322">
    <Description>These are default test settings for a local test run.</Description>
    <Deployment enabled="false" runDeploymentRoot="cfc_CFC-WINDOWS 2013-03-07 22_43_59">
      <DeploymentItem filename="C:\mellon\SistemaVendas\packages\Moq.4.0.10827\lib\NET40\Moq.dll" />
      <DeploymentItem filename="C:\mellon\SistemaVendas\SistemaVendas\bin\Debug\SistemaVendas.exe" />
    </Deployment>
    <Execution>
      <TestTypeSpecific />
      <AgentRule name="Execution Agents">
      </AgentRule>
    </Execution>
  </TestSettings>
  <Times creation="2013-03-07T22:43:59.8367990-03:00" queuing="2013-03-07T22:43:59.8688009-03:00" start="2013-03-07T22:43:59.9098032-03:00" finish="2013-03-07T22:44:00.1998198-03:00" />
  <ResultSummary outcome="Failed">
    <Counters total="1" executed="1" error="0" failed="1" timeout="0" aborted="0" inconclusive="0" passedButRunAborted="0" notRunnable="0" notExecuted="0" disconnected="0" warning="0" passed="0" completed="0" inProgress="0" pending="0" />
  </ResultSummary>
  <TestDefinitions>
    <UnitTest name="TestMethod1" storage="c:\mellon\sistemavendas\testevendas\bin\debug\testevendas.dll" id="83286fea-ea0c-c9c7-3bd1-4ac1e367afc6">
      <Execution id="3a56f96d-1565-4527-9ac3-e03f126b66de" />
      <TestMethod codeBase="C:/mellon/SistemaVendas/TesteVendas/bin/Debug/TesteVendas.DLL" adapterTypeName="Microsoft.VisualStudio.TestTools.TestTypes.Unit.UnitTestAdapter, Microsoft.VisualStudio.QualityTools.Tips.UnitTest.Adapter, Version=10.0.0.0, Culture=neutral, PublicKeyToken=b03f5f7f11d50a3a" className="TesteVendas.UnitTest1, TesteVendas, Version=1.0.0.0, Culture=neutral, PublicKeyToken=null" name="TestMethod1" />
    </UnitTest>
  </TestDefinitions>
  <TestLists>
    <TestList name="Results Not in a List" id="8c84fa94-04c1-424b-9868-57a2d4851a1d" />
    <TestList name="All Loaded Results" id="19431567-8539-422a-85d7-44ee4e166bda" />
  </TestLists>
  <TestEntries>
    <TestEntry testId="83286fea-ea0c-c9c7-3bd1-4ac1e367afc6" executionId="3a56f96d-1565-4527-9ac3-e03f126b66de" testListId="8c84fa94-04c1-424b-9868-57a2d4851a1d" />
  </TestEntries>
  <Results>
    <UnitTestResult executionId="3a56f96d-1565-4527-9ac3-e03f126b66de" testId="83286fea-ea0c-c9c7-3bd1-4ac1e367afc6" testName="TestMethod1" computerName="CFC-WINDOWS" duration="00:00:00.0539066" startTime="2013-03-07T22:43:59.9168036-03:00" endTime="2013-03-07T22:44:00.1838189-03:00" testType="13cdc9d9-ddb5-4fa4-a97d-d965ccfc6d4b" outcome="Failed" testListId="8c84fa94-04c1-424b-9868-57a2d4851a1d" relativeResultsDirectory="3a56f96d-1565-4527-9ac3-e03f126b66de">
      <Output>
        <ErrorInfo>
          <Message>Assert.AreEqual failed. Expected:&lt;1&gt;. Actual:&lt;2&gt;. </Message>
          <StackTrace>   em TesteVendas.UnitTest1.TestMethod1() na C:\mellon\SistemaVendas\TesteVendas\UnitTest1.cs:linha 16
</StackTrace>
        </ErrorInfo>
      </Output>
    </UnitTestResult>
  </Results>
</TestRun>