<?xml version="1.0" encoding="UTF-8"?>
<TestRun id="527efaa9-dd18-43a3-9579-4964738740c7" name="cfc@CFC-WINDOWS 2013-03-08 12:08:30" runUser="cfc-windows\cfc" xmlns="http://microsoft.com/schemas/VisualStudio/TeamTest/2010">
  <TestSettings name="Local" id="d3654c14-fcf5-4f6a-ac3b-24d3329e6322">
    <Description>These are default test settings for a local test run.</Description>
    <Deployment enabled="false" runDeploymentRoot="cfc_CFC-WINDOWS 2013-03-08 12_08_30">
      <DeploymentItem filename="C:\mellon\SistemaVendas\packages\Moq.4.0.10827\lib\NET40\Moq.dll" />
      <DeploymentItem filename="C:\mellon\SistemaVendas\SistemaVendas\bin\Debug\SistemaVendas.exe" />
    </Deployment>
    <Execution>
      <TestTypeSpecific />
      <AgentRule name="Execution Agents">
      </AgentRule>
    </Execution>
  </TestSettings>
  <Times creation="2013-03-08T12:08:30.3201368-03:00" queuing="2013-03-08T12:08:30.3271372-03:00" start="2013-03-08T12:08:30.3651393-03:00" finish="2013-03-08T12:08:30.6211540-03:00" />
  <ResultSummary outcome="Completed">
    <Counters total="3" executed="3" passed="3" error="0" failed="0" timeout="0" aborted="0" inconclusive="0" passedButRunAborted="0" notRunnable="0" notExecuted="0" disconnected="0" warning="0" completed="0" inProgress="0" pending="0" />
  </ResultSummary>
  <TestDefinitions>
    <UnitTest name="TesteCalculoComissaoVenda10000Retorna500" storage="c:\mellon\sistemavendas\testevendas\bin\debug\testevendas.dll" id="166b461e-e1ae-ddb7-ae80-40a53b948e19">
      <Execution id="18136133-bde0-41d2-b81a-0df9438244d3" />
      <TestMethod codeBase="C:/mellon/SistemaVendas/TesteVendas/bin/Debug/TesteVendas.DLL" adapterTypeName="Microsoft.VisualStudio.TestTools.TestTypes.Unit.UnitTestAdapter, Microsoft.VisualStudio.QualityTools.Tips.UnitTest.Adapter, Version=10.0.0.0, Culture=neutral, PublicKeyToken=b03f5f7f11d50a3a" className="TesteVendas.TesteCalculoComissao, TesteVendas, Version=1.0.0.0, Culture=neutral, PublicKeyToken=null" name="TesteCalculoComissaoVenda10000Retorna500" />
    </UnitTest>
    <UnitTest name="TesteCalculoComissaoVenda200Retorna10" storage="c:\mellon\sistemavendas\testevendas\bin\debug\testevendas.dll" id="c0258968-f0f0-5010-d946-a029b25db6e5">
      <Execution id="05d352ce-ee4a-40c5-ad06-d903a5e45b60" />
      <TestMethod codeBase="C:/mellon/SistemaVendas/TesteVendas/bin/Debug/TesteVendas.DLL" adapterTypeName="Microsoft.VisualStudio.TestTools.TestTypes.Unit.UnitTestAdapter, Microsoft.VisualStudio.QualityTools.Tips.UnitTest.Adapter, Version=10.0.0.0, Culture=neutral, PublicKeyToken=b03f5f7f11d50a3a" className="TesteVendas.TesteCalculoComissao, TesteVendas, Version=1.0.0.0, Culture=neutral, PublicKeyToken=null" name="TesteCalculoComissaoVenda200Retorna10" />
    </UnitTest>
    <UnitTest name="TesteCalculoComissaoVenda100Retorna5" storage="c:\mellon\sistemavendas\testevendas\bin\debug\testevendas.dll" id="fd53013b-2dc8-1db2-b5f5-ec13ae4fca5c">
      <Execution id="3a2c2a46-edc0-4d58-8440-d7036ef91cf6" />
      <TestMethod codeBase="C:/mellon/SistemaVendas/TesteVendas/bin/Debug/TesteVendas.DLL" adapterTypeName="Microsoft.VisualStudio.TestTools.TestTypes.Unit.UnitTestAdapter, Microsoft.VisualStudio.QualityTools.Tips.UnitTest.Adapter, Version=10.0.0.0, Culture=neutral, PublicKeyToken=b03f5f7f11d50a3a" className="TesteVendas.TesteCalculoComissao, TesteVendas, Version=1.0.0.0, Culture=neutral, PublicKeyToken=null" name="TesteCalculoComissaoVenda100Retorna5" />
    </UnitTest>
  </TestDefinitions>
  <TestLists>
    <TestList name="Results Not in a List" id="8c84fa94-04c1-424b-9868-57a2d4851a1d" />
    <TestList name="All Loaded Results" id="19431567-8539-422a-85d7-44ee4e166bda" />
  </TestLists>
  <TestEntries>
    <TestEntry testId="166b461e-e1ae-ddb7-ae80-40a53b948e19" executionId="18136133-bde0-41d2-b81a-0df9438244d3" testListId="8c84fa94-04c1-424b-9868-57a2d4851a1d" />
    <TestEntry testId="c0258968-f0f0-5010-d946-a029b25db6e5" executionId="05d352ce-ee4a-40c5-ad06-d903a5e45b60" testListId="8c84fa94-04c1-424b-9868-57a2d4851a1d" />
    <TestEntry testId="fd53013b-2dc8-1db2-b5f5-ec13ae4fca5c" executionId="3a2c2a46-edc0-4d58-8440-d7036ef91cf6" testListId="8c84fa94-04c1-424b-9868-57a2d4851a1d" />
  </TestEntries>
  <Results>
    <UnitTestResult executionId="18136133-bde0-41d2-b81a-0df9438244d3" testId="166b461e-e1ae-ddb7-ae80-40a53b948e19" testName="TesteCalculoComissaoVenda10000Retorna500" computerName="CFC-WINDOWS" duration="00:00:00.0268422" startTime="2013-03-08T12:08:30.3651393-03:00" endTime="2013-03-08T12:08:30.5901522-03:00" testType="13cdc9d9-ddb5-4fa4-a97d-d965ccfc6d4b" outcome="Passed" testListId="8c84fa94-04c1-424b-9868-57a2d4851a1d" relativeResultsDirectory="18136133-bde0-41d2-b81a-0df9438244d3">
    </UnitTestResult>
    <UnitTestResult executionId="05d352ce-ee4a-40c5-ad06-d903a5e45b60" testId="c0258968-f0f0-5010-d946-a029b25db6e5" testName="TesteCalculoComissaoVenda200Retorna10" computerName="CFC-WINDOWS" duration="00:00:00.0002358" startTime="2013-03-08T12:08:30.5911523-03:00" endTime="2013-03-08T12:08:30.5971526-03:00" testType="13cdc9d9-ddb5-4fa4-a97d-d965ccfc6d4b" outcome="Passed" testListId="8c84fa94-04c1-424b-9868-57a2d4851a1d" relativeResultsDirectory="05d352ce-ee4a-40c5-ad06-d903a5e45b60">
    </UnitTestResult>
    <UnitTestResult executionId="3a2c2a46-edc0-4d58-8440-d7036ef91cf6" testId="fd53013b-2dc8-1db2-b5f5-ec13ae4fca5c" testName="TesteCalculoComissaoVenda100Retorna5" computerName="CFC-WINDOWS" duration="00:00:00.0002111" startTime="2013-03-08T12:08:30.5971526-03:00" endTime="2013-03-08T12:08:30.6021529-03:00" testType="13cdc9d9-ddb5-4fa4-a97d-d965ccfc6d4b" outcome="Passed" testListId="8c84fa94-04c1-424b-9868-57a2d4851a1d" relativeResultsDirectory="3a2c2a46-edc0-4d58-8440-d7036ef91cf6">
    </UnitTestResult>
  </Results>
</TestRun>