<?xml version="1.0" encoding="UTF-8"?>
<TestRun id="38fc7f5b-2782-4db6-b34b-ed522126791f" name="cfc@CFC-WINDOWS 2013-03-08 12:02:55" runUser="cfc-windows\cfc" xmlns="http://microsoft.com/schemas/VisualStudio/TeamTest/2010">
  <TestSettings name="Local" id="d3654c14-fcf5-4f6a-ac3b-24d3329e6322">
    <Description>These are default test settings for a local test run.</Description>
    <Deployment enabled="false" runDeploymentRoot="cfc_CFC-WINDOWS 2013-03-08 12_02_55">
      <DeploymentItem filename="C:\mellon\SistemaVendas\packages\Moq.4.0.10827\lib\NET40\Moq.dll" />
      <DeploymentItem filename="C:\mellon\SistemaVendas\SistemaVendas\bin\Debug\SistemaVendas.exe" />
    </Deployment>
    <Execution>
      <TestTypeSpecific />
      <AgentRule name="Execution Agents">
      </AgentRule>
    </Execution>
  </TestSettings>
  <Times creation="2013-03-08T12:02:55.1309650-03:00" queuing="2013-03-08T12:02:55.1389655-03:00" start="2013-03-08T12:02:55.1729674-03:00" finish="2013-03-08T12:02:55.4019805-03:00" />
  <ResultSummary outcome="Completed">
    <Counters total="2" executed="2" passed="2" error="0" failed="0" timeout="0" aborted="0" inconclusive="0" passedButRunAborted="0" notRunnable="0" notExecuted="0" disconnected="0" warning="0" completed="0" inProgress="0" pending="0" />
  </ResultSummary>
  <TestDefinitions>
    <UnitTest name="TesteCalculoComissaoVenda100Retorna5" storage="c:\mellon\sistemavendas\testevendas\bin\debug\testevendas.dll" id="fd53013b-2dc8-1db2-b5f5-ec13ae4fca5c">
      <Execution id="72bd3c5f-8d2c-4e56-9af4-aa5d9a70d265" />
      <TestMethod codeBase="C:/mellon/SistemaVendas/TesteVendas/bin/Debug/TesteVendas.DLL" adapterTypeName="Microsoft.VisualStudio.TestTools.TestTypes.Unit.UnitTestAdapter, Microsoft.VisualStudio.QualityTools.Tips.UnitTest.Adapter, Version=10.0.0.0, Culture=neutral, PublicKeyToken=b03f5f7f11d50a3a" className="TesteVendas.TesteCalculoComissao, TesteVendas, Version=1.0.0.0, Culture=neutral, PublicKeyToken=null" name="TesteCalculoComissaoVenda100Retorna5" />
    </UnitTest>
    <UnitTest name="TesteCalculoComissaoVenda200Retorna10" storage="c:\mellon\sistemavendas\testevendas\bin\debug\testevendas.dll" id="c0258968-f0f0-5010-d946-a029b25db6e5">
      <Execution id="b003c7ff-a114-4255-a42c-aec31b66e168" />
      <TestMethod codeBase="C:/mellon/SistemaVendas/TesteVendas/bin/Debug/TesteVendas.DLL" adapterTypeName="Microsoft.VisualStudio.TestTools.TestTypes.Unit.UnitTestAdapter, Microsoft.VisualStudio.QualityTools.Tips.UnitTest.Adapter, Version=10.0.0.0, Culture=neutral, PublicKeyToken=b03f5f7f11d50a3a" className="TesteVendas.TesteCalculoComissao, TesteVendas, Version=1.0.0.0, Culture=neutral, PublicKeyToken=null" name="TesteCalculoComissaoVenda200Retorna10" />
    </UnitTest>
  </TestDefinitions>
  <TestLists>
    <TestList name="Results Not in a List" id="8c84fa94-04c1-424b-9868-57a2d4851a1d" />
    <TestList name="All Loaded Results" id="19431567-8539-422a-85d7-44ee4e166bda" />
  </TestLists>
  <TestEntries>
    <TestEntry testId="c0258968-f0f0-5010-d946-a029b25db6e5" executionId="b003c7ff-a114-4255-a42c-aec31b66e168" testListId="8c84fa94-04c1-424b-9868-57a2d4851a1d" />
    <TestEntry testId="fd53013b-2dc8-1db2-b5f5-ec13ae4fca5c" executionId="72bd3c5f-8d2c-4e56-9af4-aa5d9a70d265" testListId="8c84fa94-04c1-424b-9868-57a2d4851a1d" />
  </TestEntries>
  <Results>
    <UnitTestResult executionId="b003c7ff-a114-4255-a42c-aec31b66e168" testId="c0258968-f0f0-5010-d946-a029b25db6e5" testName="TesteCalculoComissaoVenda200Retorna10" computerName="CFC-WINDOWS" duration="00:00:00.0236090" startTime="2013-03-08T12:02:55.1789678-03:00" endTime="2013-03-08T12:02:55.3799793-03:00" testType="13cdc9d9-ddb5-4fa4-a97d-d965ccfc6d4b" outcome="Passed" testListId="8c84fa94-04c1-424b-9868-57a2d4851a1d" relativeResultsDirectory="b003c7ff-a114-4255-a42c-aec31b66e168">
    </UnitTestResult>
    <UnitTestResult executionId="72bd3c5f-8d2c-4e56-9af4-aa5d9a70d265" testId="fd53013b-2dc8-1db2-b5f5-ec13ae4fca5c" testName="TesteCalculoComissaoVenda100Retorna5" computerName="CFC-WINDOWS" duration="00:00:00.0002236" startTime="2013-03-08T12:02:55.3829795-03:00" endTime="2013-03-08T12:02:55.3869797-03:00" testType="13cdc9d9-ddb5-4fa4-a97d-d965ccfc6d4b" outcome="Passed" testListId="8c84fa94-04c1-424b-9868-57a2d4851a1d" relativeResultsDirectory="72bd3c5f-8d2c-4e56-9af4-aa5d9a70d265">
    </UnitTestResult>
  </Results>
</TestRun>