<?xml version="1.0" encoding="UTF-8"?>
<TestRun id="87c15bb2-65e8-47e8-a7d1-975f634fceca" name="cfc@CFC-WINDOWS 2013-03-08 18:09:40" runUser="cfc-windows\cfc" xmlns="http://microsoft.com/schemas/VisualStudio/TeamTest/2010">
  <TestSettings name="Local" id="d3654c14-fcf5-4f6a-ac3b-24d3329e6322">
    <Description>These are default test settings for a local test run.</Description>
    <Deployment enabled="false" runDeploymentRoot="cfc_CFC-WINDOWS 2013-03-08 18_09_40">
      <DeploymentItem filename="C:\mellon\github\Turma1Mellon\SistemaVendas\packages\Moq.4.0.10827\lib\NET40\Moq.dll" />
      <DeploymentItem filename="C:\mellon\github\Turma1Mellon\SistemaVendas\SistemaVendas\bin\Debug\SistemaVendas.exe" />
    </Deployment>
    <Execution>
      <TestTypeSpecific />
      <AgentRule name="Execution Agents">
      </AgentRule>
    </Execution>
  </TestSettings>
  <Times creation="2013-03-08T18:09:40.4565977-03:00" queuing="2013-03-08T18:09:40.4675983-03:00" start="2013-03-08T18:09:40.5216014-03:00" finish="2013-03-08T18:09:41.0856337-03:00" />
  <ResultSummary outcome="Completed">
    <Counters total="8" executed="8" passed="8" error="0" failed="0" timeout="0" aborted="0" inconclusive="0" passedButRunAborted="0" notRunnable="0" notExecuted="0" disconnected="0" warning="0" completed="0" inProgress="0" pending="0" />
  </ResultSummary>
  <TestDefinitions>
    <UnitTest name="TesteCalculoComissaoVenda200000Retorna12000" storage="c:\mellon\github\turma1mellon\sistemavendas\testevendas\bin\debug\testevendas.dll" id="3cb71dc5-8aec-1641-df14-1ce84aea5ec7">
      <Execution id="060cfd41-2b9e-41f3-b4f5-5ebd589e9fb7" />
      <TestMethod codeBase="C:/mellon/github/Turma1Mellon/SistemaVendas/TesteVendas/bin/Debug/TesteVendas.DLL" adapterTypeName="Microsoft.VisualStudio.TestTools.TestTypes.Unit.UnitTestAdapter, Microsoft.VisualStudio.QualityTools.Tips.UnitTest.Adapter, Version=10.0.0.0, Culture=neutral, PublicKeyToken=b03f5f7f11d50a3a" className="TesteVendas.TesteCalculoComissao, TesteVendas, Version=1.0.0.0, Culture=neutral, PublicKeyToken=null" name="TesteCalculoComissaoVenda200000Retorna12000" />
    </UnitTest>
    <UnitTest name="TesteCalculaTotalDeRoyaltiesDoMes2Vendas100" storage="c:\mellon\github\turma1mellon\sistemavendas\testevendas\bin\debug\testevendas.dll" id="39da908d-a713-14b4-ded5-0539c09eb0de">
      <Execution id="405eaa48-d9e4-40dc-a6d5-cb39350222b1" />
      <TestMethod codeBase="C:/mellon/github/Turma1Mellon/SistemaVendas/TesteVendas/bin/Debug/TesteVendas.DLL" adapterTypeName="Microsoft.VisualStudio.TestTools.TestTypes.Unit.UnitTestAdapter, Microsoft.VisualStudio.QualityTools.Tips.UnitTest.Adapter, Version=10.0.0.0, Culture=neutral, PublicKeyToken=b03f5f7f11d50a3a" className="TesteVendas.TesteCalculoRoyalties, TesteVendas, Version=1.0.0.0, Culture=neutral, PublicKeyToken=null" name="TesteCalculaTotalDeRoyaltiesDoMes2Vendas100" />
    </UnitTest>
    <UnitTest name="TesteCalculoComissaoVenda100Retorna5" storage="c:\mellon\github\turma1mellon\sistemavendas\testevendas\bin\debug\testevendas.dll" id="fd53013b-2dc8-1db2-b5f5-ec13ae4fca5c">
      <Execution id="31661d80-0ac1-4aa9-8bfa-cbaa31aa0a8d" />
      <TestMethod codeBase="C:/mellon/github/Turma1Mellon/SistemaVendas/TesteVendas/bin/Debug/TesteVendas.DLL" adapterTypeName="Microsoft.VisualStudio.TestTools.TestTypes.Unit.UnitTestAdapter, Microsoft.VisualStudio.QualityTools.Tips.UnitTest.Adapter, Version=10.0.0.0, Culture=neutral, PublicKeyToken=b03f5f7f11d50a3a" className="TesteVendas.TesteCalculoComissao, TesteVendas, Version=1.0.0.0, Culture=neutral, PublicKeyToken=null" name="TesteCalculoComissaoVenda100Retorna5" />
    </UnitTest>
    <UnitTest name="TesteCalculoComissaoVenda200Retorna10" storage="c:\mellon\github\turma1mellon\sistemavendas\testevendas\bin\debug\testevendas.dll" id="c0258968-f0f0-5010-d946-a029b25db6e5">
      <Execution id="87e288c7-c194-4cae-a902-0010d3336c67" />
      <TestMethod codeBase="C:/mellon/github/Turma1Mellon/SistemaVendas/TesteVendas/bin/Debug/TesteVendas.DLL" adapterTypeName="Microsoft.VisualStudio.TestTools.TestTypes.Unit.UnitTestAdapter, Microsoft.VisualStudio.QualityTools.Tips.UnitTest.Adapter, Version=10.0.0.0, Culture=neutral, PublicKeyToken=b03f5f7f11d50a3a" className="TesteVendas.TesteCalculoComissao, TesteVendas, Version=1.0.0.0, Culture=neutral, PublicKeyToken=null" name="TesteCalculoComissaoVenda200Retorna10" />
    </UnitTest>
    <UnitTest name="TesteCalculaTotalDeRoyaltiesDoMes1Venda100" storage="c:\mellon\github\turma1mellon\sistemavendas\testevendas\bin\debug\testevendas.dll" id="78fb54e8-42a5-1229-c5bd-98b8000f9776">
      <Execution id="6451df9a-90c2-4cba-b479-633ceae5853b" />
      <TestMethod codeBase="C:/mellon/github/Turma1Mellon/SistemaVendas/TesteVendas/bin/Debug/TesteVendas.DLL" adapterTypeName="Microsoft.VisualStudio.TestTools.TestTypes.Unit.UnitTestAdapter, Microsoft.VisualStudio.QualityTools.Tips.UnitTest.Adapter, Version=10.0.0.0, Culture=neutral, PublicKeyToken=b03f5f7f11d50a3a" className="TesteVendas.TesteCalculoRoyalties, TesteVendas, Version=1.0.0.0, Culture=neutral, PublicKeyToken=null" name="TesteCalculaTotalDeRoyaltiesDoMes1Venda100" />
    </UnitTest>
    <UnitTest name="TesteCalculoComissaoVenda10000Retorna500" storage="c:\mellon\github\turma1mellon\sistemavendas\testevendas\bin\debug\testevendas.dll" id="166b461e-e1ae-ddb7-ae80-40a53b948e19">
      <Execution id="1a5d3df1-0455-480f-8cbc-bf548d9f2d08" />
      <TestMethod codeBase="C:/mellon/github/Turma1Mellon/SistemaVendas/TesteVendas/bin/Debug/TesteVendas.DLL" adapterTypeName="Microsoft.VisualStudio.TestTools.TestTypes.Unit.UnitTestAdapter, Microsoft.VisualStudio.QualityTools.Tips.UnitTest.Adapter, Version=10.0.0.0, Culture=neutral, PublicKeyToken=b03f5f7f11d50a3a" className="TesteVendas.TesteCalculoComissao, TesteVendas, Version=1.0.0.0, Culture=neutral, PublicKeyToken=null" name="TesteCalculoComissaoVenda10000Retorna500" />
    </UnitTest>
    <UnitTest name="TesteCalculoComissaoVenda100000Retorna6000" storage="c:\mellon\github\turma1mellon\sistemavendas\testevendas\bin\debug\testevendas.dll" id="7cdfdda0-22c4-9f76-c685-0a553f61ec05">
      <Execution id="aa08ab83-c7c5-41d1-bbb2-cfccb2f2ab33" />
      <TestMethod codeBase="C:/mellon/github/Turma1Mellon/SistemaVendas/TesteVendas/bin/Debug/TesteVendas.DLL" adapterTypeName="Microsoft.VisualStudio.TestTools.TestTypes.Unit.UnitTestAdapter, Microsoft.VisualStudio.QualityTools.Tips.UnitTest.Adapter, Version=10.0.0.0, Culture=neutral, PublicKeyToken=b03f5f7f11d50a3a" className="TesteVendas.TesteCalculoComissao, TesteVendas, Version=1.0.0.0, Culture=neutral, PublicKeyToken=null" name="TesteCalculoComissaoVenda100000Retorna6000" />
    </UnitTest>
    <UnitTest name="TesteCalculoComissaoVendaComProblemaArrendondamento" storage="c:\mellon\github\turma1mellon\sistemavendas\testevendas\bin\debug\testevendas.dll" id="6b702467-13e1-9ee4-1781-b293a398b1a4">
      <Execution id="35562da8-43df-4d9e-b301-f053e25d03f3" />
      <TestMethod codeBase="C:/mellon/github/Turma1Mellon/SistemaVendas/TesteVendas/bin/Debug/TesteVendas.DLL" adapterTypeName="Microsoft.VisualStudio.TestTools.TestTypes.Unit.UnitTestAdapter, Microsoft.VisualStudio.QualityTools.Tips.UnitTest.Adapter, Version=10.0.0.0, Culture=neutral, PublicKeyToken=b03f5f7f11d50a3a" className="TesteVendas.TesteCalculoComissao, TesteVendas, Version=1.0.0.0, Culture=neutral, PublicKeyToken=null" name="TesteCalculoComissaoVendaComProblemaArrendondamento" />
    </UnitTest>
  </TestDefinitions>
  <TestLists>
    <TestList name="Results Not in a List" id="8c84fa94-04c1-424b-9868-57a2d4851a1d" />
    <TestList name="All Loaded Results" id="19431567-8539-422a-85d7-44ee4e166bda" />
  </TestLists>
  <TestEntries>
    <TestEntry testId="166b461e-e1ae-ddb7-ae80-40a53b948e19" executionId="1a5d3df1-0455-480f-8cbc-bf548d9f2d08" testListId="8c84fa94-04c1-424b-9868-57a2d4851a1d" />
    <TestEntry testId="39da908d-a713-14b4-ded5-0539c09eb0de" executionId="405eaa48-d9e4-40dc-a6d5-cb39350222b1" testListId="8c84fa94-04c1-424b-9868-57a2d4851a1d" />
    <TestEntry testId="3cb71dc5-8aec-1641-df14-1ce84aea5ec7" executionId="060cfd41-2b9e-41f3-b4f5-5ebd589e9fb7" testListId="8c84fa94-04c1-424b-9868-57a2d4851a1d" />
    <TestEntry testId="6b702467-13e1-9ee4-1781-b293a398b1a4" executionId="35562da8-43df-4d9e-b301-f053e25d03f3" testListId="8c84fa94-04c1-424b-9868-57a2d4851a1d" />
    <TestEntry testId="78fb54e8-42a5-1229-c5bd-98b8000f9776" executionId="6451df9a-90c2-4cba-b479-633ceae5853b" testListId="8c84fa94-04c1-424b-9868-57a2d4851a1d" />
    <TestEntry testId="7cdfdda0-22c4-9f76-c685-0a553f61ec05" executionId="aa08ab83-c7c5-41d1-bbb2-cfccb2f2ab33" testListId="8c84fa94-04c1-424b-9868-57a2d4851a1d" />
    <TestEntry testId="c0258968-f0f0-5010-d946-a029b25db6e5" executionId="87e288c7-c194-4cae-a902-0010d3336c67" testListId="8c84fa94-04c1-424b-9868-57a2d4851a1d" />
    <TestEntry testId="fd53013b-2dc8-1db2-b5f5-ec13ae4fca5c" executionId="31661d80-0ac1-4aa9-8bfa-cbaa31aa0a8d" testListId="8c84fa94-04c1-424b-9868-57a2d4851a1d" />
  </TestEntries>
  <Results>
    <UnitTestResult executionId="1a5d3df1-0455-480f-8cbc-bf548d9f2d08" testId="166b461e-e1ae-ddb7-ae80-40a53b948e19" testName="TesteCalculoComissaoVenda10000Retorna500" computerName="CFC-WINDOWS" duration="00:00:00.0365921" startTime="2013-03-08T18:09:40.5246016-03:00" endTime="2013-03-08T18:09:40.7876166-03:00" testType="13cdc9d9-ddb5-4fa4-a97d-d965ccfc6d4b" outcome="Passed" testListId="8c84fa94-04c1-424b-9868-57a2d4851a1d" relativeResultsDirectory="1a5d3df1-0455-480f-8cbc-bf548d9f2d08">
    </UnitTestResult>
    <UnitTestResult executionId="405eaa48-d9e4-40dc-a6d5-cb39350222b1" testId="39da908d-a713-14b4-ded5-0539c09eb0de" testName="TesteCalculaTotalDeRoyaltiesDoMes2Vendas100" computerName="CFC-WINDOWS" duration="00:00:00.2152549" startTime="2013-03-08T18:09:40.7906168-03:00" endTime="2013-03-08T18:09:41.0106294-03:00" testType="13cdc9d9-ddb5-4fa4-a97d-d965ccfc6d4b" outcome="Passed" testListId="8c84fa94-04c1-424b-9868-57a2d4851a1d" relativeResultsDirectory="405eaa48-d9e4-40dc-a6d5-cb39350222b1">
    </UnitTestResult>
    <UnitTestResult executionId="060cfd41-2b9e-41f3-b4f5-5ebd589e9fb7" testId="3cb71dc5-8aec-1641-df14-1ce84aea5ec7" testName="TesteCalculoComissaoVenda200000Retorna12000" computerName="CFC-WINDOWS" duration="00:00:00.0002488" startTime="2013-03-08T18:09:41.0126295-03:00" endTime="2013-03-08T18:09:41.0186298-03:00" testType="13cdc9d9-ddb5-4fa4-a97d-d965ccfc6d4b" outcome="Passed" testListId="8c84fa94-04c1-424b-9868-57a2d4851a1d" relativeResultsDirectory="060cfd41-2b9e-41f3-b4f5-5ebd589e9fb7">
    </UnitTestResult>
    <UnitTestResult executionId="35562da8-43df-4d9e-b301-f053e25d03f3" testId="6b702467-13e1-9ee4-1781-b293a398b1a4" testName="TesteCalculoComissaoVendaComProblemaArrendondamento" computerName="CFC-WINDOWS" duration="00:00:00.0002285" startTime="2013-03-08T18:09:41.0206299-03:00" endTime="2013-03-08T18:09:41.0266303-03:00" testType="13cdc9d9-ddb5-4fa4-a97d-d965ccfc6d4b" outcome="Passed" testListId="8c84fa94-04c1-424b-9868-57a2d4851a1d" relativeResultsDirectory="35562da8-43df-4d9e-b301-f053e25d03f3">
    </UnitTestResult>
    <UnitTestResult executionId="6451df9a-90c2-4cba-b479-633ceae5853b" testId="78fb54e8-42a5-1229-c5bd-98b8000f9776" testName="TesteCalculaTotalDeRoyaltiesDoMes1Venda100" computerName="CFC-WINDOWS" duration="00:00:00.0074636" startTime="2013-03-08T18:09:41.0276303-03:00" endTime="2013-03-08T18:09:41.0396310-03:00" testType="13cdc9d9-ddb5-4fa4-a97d-d965ccfc6d4b" outcome="Passed" testListId="8c84fa94-04c1-424b-9868-57a2d4851a1d" relativeResultsDirectory="6451df9a-90c2-4cba-b479-633ceae5853b">
    </UnitTestResult>
    <UnitTestResult executionId="aa08ab83-c7c5-41d1-bbb2-cfccb2f2ab33" testId="7cdfdda0-22c4-9f76-c685-0a553f61ec05" testName="TesteCalculoComissaoVenda100000Retorna6000" computerName="CFC-WINDOWS" duration="00:00:00.0002552" startTime="2013-03-08T18:09:41.0406311-03:00" endTime="2013-03-08T18:09:41.0456314-03:00" testType="13cdc9d9-ddb5-4fa4-a97d-d965ccfc6d4b" outcome="Passed" testListId="8c84fa94-04c1-424b-9868-57a2d4851a1d" relativeResultsDirectory="aa08ab83-c7c5-41d1-bbb2-cfccb2f2ab33">
    </UnitTestResult>
    <UnitTestResult executionId="87e288c7-c194-4cae-a902-0010d3336c67" testId="c0258968-f0f0-5010-d946-a029b25db6e5" testName="TesteCalculoComissaoVenda200Retorna10" computerName="CFC-WINDOWS" duration="00:00:00.0003087" startTime="2013-03-08T18:09:41.0476315-03:00" endTime="2013-03-08T18:09:41.0566320-03:00" testType="13cdc9d9-ddb5-4fa4-a97d-d965ccfc6d4b" outcome="Passed" testListId="8c84fa94-04c1-424b-9868-57a2d4851a1d" relativeResultsDirectory="87e288c7-c194-4cae-a902-0010d3336c67">
    </UnitTestResult>
    <UnitTestResult executionId="31661d80-0ac1-4aa9-8bfa-cbaa31aa0a8d" testId="fd53013b-2dc8-1db2-b5f5-ec13ae4fca5c" testName="TesteCalculoComissaoVenda100Retorna5" computerName="CFC-WINDOWS" duration="00:00:00.0003010" startTime="2013-03-08T18:09:41.0596322-03:00" endTime="2013-03-08T18:09:41.0676326-03:00" testType="13cdc9d9-ddb5-4fa4-a97d-d965ccfc6d4b" outcome="Passed" testListId="8c84fa94-04c1-424b-9868-57a2d4851a1d" relativeResultsDirectory="31661d80-0ac1-4aa9-8bfa-cbaa31aa0a8d">
    </UnitTestResult>
  </Results>
</TestRun>