<?xml version="1.0" encoding="UTF-8"?>
<TestRun id="3370f90c-7179-482f-aaa1-2f3e2bdc5dc6" name="cfc@CFC-WINDOWS 2013-03-08 18:08:26" runUser="cfc-windows\cfc" xmlns="http://microsoft.com/schemas/VisualStudio/TeamTest/2010">
  <TestSettings name="Local" id="d3654c14-fcf5-4f6a-ac3b-24d3329e6322">
    <Description>These are default test settings for a local test run.</Description>
    <Deployment enabled="false" runDeploymentRoot="cfc_CFC-WINDOWS 2013-03-08 18_08_26">
      <DeploymentItem filename="C:\mellon\github\Turma1Mellon\SistemaVendas\packages\Moq.4.0.10827\lib\NET40\Moq.dll" />
      <DeploymentItem filename="C:\mellon\github\Turma1Mellon\SistemaVendas\SistemaVendas\bin\Debug\SistemaVendas.exe" />
    </Deployment>
    <Execution>
      <TestTypeSpecific />
      <AgentRule name="Execution Agents">
      </AgentRule>
    </Execution>
  </TestSettings>
  <Times creation="2013-03-08T18:08:26.3193573-03:00" queuing="2013-03-08T18:08:26.3303579-03:00" start="2013-03-08T18:08:26.3723603-03:00" finish="2013-03-08T18:08:27.0093967-03:00" />
  <ResultSummary outcome="Failed">
    <Counters total="8" executed="8" passed="6" error="0" failed="2" timeout="0" aborted="0" inconclusive="0" passedButRunAborted="0" notRunnable="0" notExecuted="0" disconnected="0" warning="0" completed="0" inProgress="0" pending="0" />
  </ResultSummary>
  <TestDefinitions>
    <UnitTest name="TesteCalculoComissaoVenda200000Retorna12000" storage="c:\mellon\github\turma1mellon\sistemavendas\testevendas\bin\debug\testevendas.dll" id="3cb71dc5-8aec-1641-df14-1ce84aea5ec7">
      <Execution id="df6dc9d7-bcd9-42c8-94a1-78ed7ae34365" />
      <TestMethod codeBase="C:/mellon/github/Turma1Mellon/SistemaVendas/TesteVendas/bin/Debug/TesteVendas.DLL" adapterTypeName="Microsoft.VisualStudio.TestTools.TestTypes.Unit.UnitTestAdapter, Microsoft.VisualStudio.QualityTools.Tips.UnitTest.Adapter, Version=10.0.0.0, Culture=neutral, PublicKeyToken=b03f5f7f11d50a3a" className="TesteVendas.TesteCalculoComissao, TesteVendas, Version=1.0.0.0, Culture=neutral, PublicKeyToken=null" name="TesteCalculoComissaoVenda200000Retorna12000" />
    </UnitTest>
    <UnitTest name="TesteCalculaTotalDeRoyaltiesDoMes2Vendas100" storage="c:\mellon\github\turma1mellon\sistemavendas\testevendas\bin\debug\testevendas.dll" id="39da908d-a713-14b4-ded5-0539c09eb0de">
      <Execution id="38549f3c-313f-4e28-98f0-9e4da91db6e4" />
      <TestMethod codeBase="C:/mellon/github/Turma1Mellon/SistemaVendas/TesteVendas/bin/Debug/TesteVendas.DLL" adapterTypeName="Microsoft.VisualStudio.TestTools.TestTypes.Unit.UnitTestAdapter, Microsoft.VisualStudio.QualityTools.Tips.UnitTest.Adapter, Version=10.0.0.0, Culture=neutral, PublicKeyToken=b03f5f7f11d50a3a" className="TesteVendas.TesteCalculoRoyalties, TesteVendas, Version=1.0.0.0, Culture=neutral, PublicKeyToken=null" name="TesteCalculaTotalDeRoyaltiesDoMes2Vendas100" />
    </UnitTest>
    <UnitTest name="TesteCalculoComissaoVenda100Retorna5" storage="c:\mellon\github\turma1mellon\sistemavendas\testevendas\bin\debug\testevendas.dll" id="fd53013b-2dc8-1db2-b5f5-ec13ae4fca5c">
      <Execution id="1f160bd3-25e3-4703-ad68-2c06fa7f1fa2" />
      <TestMethod codeBase="C:/mellon/github/Turma1Mellon/SistemaVendas/TesteVendas/bin/Debug/TesteVendas.DLL" adapterTypeName="Microsoft.VisualStudio.TestTools.TestTypes.Unit.UnitTestAdapter, Microsoft.VisualStudio.QualityTools.Tips.UnitTest.Adapter, Version=10.0.0.0, Culture=neutral, PublicKeyToken=b03f5f7f11d50a3a" className="TesteVendas.TesteCalculoComissao, TesteVendas, Version=1.0.0.0, Culture=neutral, PublicKeyToken=null" name="TesteCalculoComissaoVenda100Retorna5" />
    </UnitTest>
    <UnitTest name="TesteCalculoComissaoVenda200Retorna10" storage="c:\mellon\github\turma1mellon\sistemavendas\testevendas\bin\debug\testevendas.dll" id="c0258968-f0f0-5010-d946-a029b25db6e5">
      <Execution id="d7fb8c2c-4f90-4461-b1a6-87ff25279107" />
      <TestMethod codeBase="C:/mellon/github/Turma1Mellon/SistemaVendas/TesteVendas/bin/Debug/TesteVendas.DLL" adapterTypeName="Microsoft.VisualStudio.TestTools.TestTypes.Unit.UnitTestAdapter, Microsoft.VisualStudio.QualityTools.Tips.UnitTest.Adapter, Version=10.0.0.0, Culture=neutral, PublicKeyToken=b03f5f7f11d50a3a" className="TesteVendas.TesteCalculoComissao, TesteVendas, Version=1.0.0.0, Culture=neutral, PublicKeyToken=null" name="TesteCalculoComissaoVenda200Retorna10" />
    </UnitTest>
    <UnitTest name="TesteCalculaTotalDeRoyaltiesDoMes1Venda100" storage="c:\mellon\github\turma1mellon\sistemavendas\testevendas\bin\debug\testevendas.dll" id="78fb54e8-42a5-1229-c5bd-98b8000f9776">
      <Execution id="c4548612-0eea-4b4c-930b-840068490a32" />
      <TestMethod codeBase="C:/mellon/github/Turma1Mellon/SistemaVendas/TesteVendas/bin/Debug/TesteVendas.DLL" adapterTypeName="Microsoft.VisualStudio.TestTools.TestTypes.Unit.UnitTestAdapter, Microsoft.VisualStudio.QualityTools.Tips.UnitTest.Adapter, Version=10.0.0.0, Culture=neutral, PublicKeyToken=b03f5f7f11d50a3a" className="TesteVendas.TesteCalculoRoyalties, TesteVendas, Version=1.0.0.0, Culture=neutral, PublicKeyToken=null" name="TesteCalculaTotalDeRoyaltiesDoMes1Venda100" />
    </UnitTest>
    <UnitTest name="TesteCalculoComissaoVenda10000Retorna500" storage="c:\mellon\github\turma1mellon\sistemavendas\testevendas\bin\debug\testevendas.dll" id="166b461e-e1ae-ddb7-ae80-40a53b948e19">
      <Execution id="f7432162-e125-42e5-9416-6460252e8573" />
      <TestMethod codeBase="C:/mellon/github/Turma1Mellon/SistemaVendas/TesteVendas/bin/Debug/TesteVendas.DLL" adapterTypeName="Microsoft.VisualStudio.TestTools.TestTypes.Unit.UnitTestAdapter, Microsoft.VisualStudio.QualityTools.Tips.UnitTest.Adapter, Version=10.0.0.0, Culture=neutral, PublicKeyToken=b03f5f7f11d50a3a" className="TesteVendas.TesteCalculoComissao, TesteVendas, Version=1.0.0.0, Culture=neutral, PublicKeyToken=null" name="TesteCalculoComissaoVenda10000Retorna500" />
    </UnitTest>
    <UnitTest name="TesteCalculoComissaoVenda100000Retorna6000" storage="c:\mellon\github\turma1mellon\sistemavendas\testevendas\bin\debug\testevendas.dll" id="7cdfdda0-22c4-9f76-c685-0a553f61ec05">
      <Execution id="4c53c114-34ae-41c7-a9bf-643b8a662ea6" />
      <TestMethod codeBase="C:/mellon/github/Turma1Mellon/SistemaVendas/TesteVendas/bin/Debug/TesteVendas.DLL" adapterTypeName="Microsoft.VisualStudio.TestTools.TestTypes.Unit.UnitTestAdapter, Microsoft.VisualStudio.QualityTools.Tips.UnitTest.Adapter, Version=10.0.0.0, Culture=neutral, PublicKeyToken=b03f5f7f11d50a3a" className="TesteVendas.TesteCalculoComissao, TesteVendas, Version=1.0.0.0, Culture=neutral, PublicKeyToken=null" name="TesteCalculoComissaoVenda100000Retorna6000" />
    </UnitTest>
    <UnitTest name="TesteCalculoComissaoVendaComProblemaArrendondamento" storage="c:\mellon\github\turma1mellon\sistemavendas\testevendas\bin\debug\testevendas.dll" id="6b702467-13e1-9ee4-1781-b293a398b1a4">
      <Execution id="a2e47f44-0825-4b39-abbd-4351cbba671d" />
      <TestMethod codeBase="C:/mellon/github/Turma1Mellon/SistemaVendas/TesteVendas/bin/Debug/TesteVendas.DLL" adapterTypeName="Microsoft.VisualStudio.TestTools.TestTypes.Unit.UnitTestAdapter, Microsoft.VisualStudio.QualityTools.Tips.UnitTest.Adapter, Version=10.0.0.0, Culture=neutral, PublicKeyToken=b03f5f7f11d50a3a" className="TesteVendas.TesteCalculoComissao, TesteVendas, Version=1.0.0.0, Culture=neutral, PublicKeyToken=null" name="TesteCalculoComissaoVendaComProblemaArrendondamento" />
    </UnitTest>
  </TestDefinitions>
  <TestLists>
    <TestList name="Results Not in a List" id="8c84fa94-04c1-424b-9868-57a2d4851a1d" />
    <TestList name="All Loaded Results" id="19431567-8539-422a-85d7-44ee4e166bda" />
  </TestLists>
  <TestEntries>
    <TestEntry testId="166b461e-e1ae-ddb7-ae80-40a53b948e19" executionId="f7432162-e125-42e5-9416-6460252e8573" testListId="8c84fa94-04c1-424b-9868-57a2d4851a1d" />
    <TestEntry testId="39da908d-a713-14b4-ded5-0539c09eb0de" executionId="38549f3c-313f-4e28-98f0-9e4da91db6e4" testListId="8c84fa94-04c1-424b-9868-57a2d4851a1d" />
    <TestEntry testId="3cb71dc5-8aec-1641-df14-1ce84aea5ec7" executionId="df6dc9d7-bcd9-42c8-94a1-78ed7ae34365" testListId="8c84fa94-04c1-424b-9868-57a2d4851a1d" />
    <TestEntry testId="6b702467-13e1-9ee4-1781-b293a398b1a4" executionId="a2e47f44-0825-4b39-abbd-4351cbba671d" testListId="8c84fa94-04c1-424b-9868-57a2d4851a1d" />
    <TestEntry testId="78fb54e8-42a5-1229-c5bd-98b8000f9776" executionId="c4548612-0eea-4b4c-930b-840068490a32" testListId="8c84fa94-04c1-424b-9868-57a2d4851a1d" />
    <TestEntry testId="7cdfdda0-22c4-9f76-c685-0a553f61ec05" executionId="4c53c114-34ae-41c7-a9bf-643b8a662ea6" testListId="8c84fa94-04c1-424b-9868-57a2d4851a1d" />
    <TestEntry testId="c0258968-f0f0-5010-d946-a029b25db6e5" executionId="d7fb8c2c-4f90-4461-b1a6-87ff25279107" testListId="8c84fa94-04c1-424b-9868-57a2d4851a1d" />
    <TestEntry testId="fd53013b-2dc8-1db2-b5f5-ec13ae4fca5c" executionId="1f160bd3-25e3-4703-ad68-2c06fa7f1fa2" testListId="8c84fa94-04c1-424b-9868-57a2d4851a1d" />
  </TestEntries>
  <Results>
    <UnitTestResult executionId="f7432162-e125-42e5-9416-6460252e8573" testId="166b461e-e1ae-ddb7-ae80-40a53b948e19" testName="TesteCalculoComissaoVenda10000Retorna500" computerName="CFC-WINDOWS" duration="00:00:00.0289615" startTime="2013-03-08T18:08:26.3763605-03:00" endTime="2013-03-08T18:08:26.6543764-03:00" testType="13cdc9d9-ddb5-4fa4-a97d-d965ccfc6d4b" outcome="Passed" testListId="8c84fa94-04c1-424b-9868-57a2d4851a1d" relativeResultsDirectory="f7432162-e125-42e5-9416-6460252e8573">
    </UnitTestResult>
    <UnitTestResult executionId="38549f3c-313f-4e28-98f0-9e4da91db6e4" testId="39da908d-a713-14b4-ded5-0539c09eb0de" testName="TesteCalculaTotalDeRoyaltiesDoMes2Vendas100" computerName="CFC-WINDOWS" duration="00:00:00.2716435" startTime="2013-03-08T18:08:26.6573766-03:00" endTime="2013-03-08T18:08:26.9353925-03:00" testType="13cdc9d9-ddb5-4fa4-a97d-d965ccfc6d4b" outcome="Failed" testListId="8c84fa94-04c1-424b-9868-57a2d4851a1d" relativeResultsDirectory="38549f3c-313f-4e28-98f0-9e4da91db6e4">
      <Output>
        <ErrorInfo>
          <Message>Assert.AreEqual failed. Expected:&lt;40&gt;. Actual:&lt;200&gt;. </Message>
          <StackTrace>   em TesteVendas.TesteCalculoRoyalties.TesteCalculaTotalDeRoyaltiesDoMes2Vendas100() na C:\mellon\github\Turma1Mellon\SistemaVendas\TesteVendas\TesteCalculoRoyalties.cs:linha 76
</StackTrace>
        </ErrorInfo>
      </Output>
    </UnitTestResult>
    <UnitTestResult executionId="df6dc9d7-bcd9-42c8-94a1-78ed7ae34365" testId="3cb71dc5-8aec-1641-df14-1ce84aea5ec7" testName="TesteCalculoComissaoVenda200000Retorna12000" computerName="CFC-WINDOWS" duration="00:00:00.0003156" startTime="2013-03-08T18:08:26.9363926-03:00" endTime="2013-03-08T18:08:26.9423929-03:00" testType="13cdc9d9-ddb5-4fa4-a97d-d965ccfc6d4b" outcome="Passed" testListId="8c84fa94-04c1-424b-9868-57a2d4851a1d" relativeResultsDirectory="df6dc9d7-bcd9-42c8-94a1-78ed7ae34365">
    </UnitTestResult>
    <UnitTestResult executionId="a2e47f44-0825-4b39-abbd-4351cbba671d" testId="6b702467-13e1-9ee4-1781-b293a398b1a4" testName="TesteCalculoComissaoVendaComProblemaArrendondamento" computerName="CFC-WINDOWS" duration="00:00:00.0002795" startTime="2013-03-08T18:08:26.9463931-03:00" endTime="2013-03-08T18:08:26.9543936-03:00" testType="13cdc9d9-ddb5-4fa4-a97d-d965ccfc6d4b" outcome="Passed" testListId="8c84fa94-04c1-424b-9868-57a2d4851a1d" relativeResultsDirectory="a2e47f44-0825-4b39-abbd-4351cbba671d">
    </UnitTestResult>
    <UnitTestResult executionId="c4548612-0eea-4b4c-930b-840068490a32" testId="78fb54e8-42a5-1229-c5bd-98b8000f9776" testName="TesteCalculaTotalDeRoyaltiesDoMes1Venda100" computerName="CFC-WINDOWS" duration="00:00:00.0064336" startTime="2013-03-08T18:08:26.9553936-03:00" endTime="2013-03-08T18:08:26.9673943-03:00" testType="13cdc9d9-ddb5-4fa4-a97d-d965ccfc6d4b" outcome="Failed" testListId="8c84fa94-04c1-424b-9868-57a2d4851a1d" relativeResultsDirectory="c4548612-0eea-4b4c-930b-840068490a32">
      <Output>
        <ErrorInfo>
          <Message>Assert.AreEqual failed. Expected:&lt;19&gt;. Actual:&lt;95&gt;. </Message>
          <StackTrace>   em TesteVendas.TesteCalculoRoyalties.TesteCalculaTotalDeRoyaltiesDoMes1Venda100() na C:\mellon\github\Turma1Mellon\SistemaVendas\TesteVendas\TesteCalculoRoyalties.cs:linha 41
</StackTrace>
        </ErrorInfo>
      </Output>
    </UnitTestResult>
    <UnitTestResult executionId="4c53c114-34ae-41c7-a9bf-643b8a662ea6" testId="7cdfdda0-22c4-9f76-c685-0a553f61ec05" testName="TesteCalculoComissaoVenda100000Retorna6000" computerName="CFC-WINDOWS" duration="00:00:00.0003014" startTime="2013-03-08T18:08:26.9683944-03:00" endTime="2013-03-08T18:08:26.9753948-03:00" testType="13cdc9d9-ddb5-4fa4-a97d-d965ccfc6d4b" outcome="Passed" testListId="8c84fa94-04c1-424b-9868-57a2d4851a1d" relativeResultsDirectory="4c53c114-34ae-41c7-a9bf-643b8a662ea6">
    </UnitTestResult>
    <UnitTestResult executionId="d7fb8c2c-4f90-4461-b1a6-87ff25279107" testId="c0258968-f0f0-5010-d946-a029b25db6e5" testName="TesteCalculoComissaoVenda200Retorna10" computerName="CFC-WINDOWS" duration="00:00:00.0002378" startTime="2013-03-08T18:08:26.9773949-03:00" endTime="2013-03-08T18:08:26.9823952-03:00" testType="13cdc9d9-ddb5-4fa4-a97d-d965ccfc6d4b" outcome="Passed" testListId="8c84fa94-04c1-424b-9868-57a2d4851a1d" relativeResultsDirectory="d7fb8c2c-4f90-4461-b1a6-87ff25279107">
    </UnitTestResult>
    <UnitTestResult executionId="1f160bd3-25e3-4703-ad68-2c06fa7f1fa2" testId="fd53013b-2dc8-1db2-b5f5-ec13ae4fca5c" testName="TesteCalculoComissaoVenda100Retorna5" computerName="CFC-WINDOWS" duration="00:00:00.0002945" startTime="2013-03-08T18:08:26.9833953-03:00" endTime="2013-03-08T18:08:26.9883955-03:00" testType="13cdc9d9-ddb5-4fa4-a97d-d965ccfc6d4b" outcome="Passed" testListId="8c84fa94-04c1-424b-9868-57a2d4851a1d" relativeResultsDirectory="1f160bd3-25e3-4703-ad68-2c06fa7f1fa2">
    </UnitTestResult>
  </Results>
</TestRun>