<?xml version="1.0" encoding="UTF-8"?>
<TestRun id="f1bb7acb-4e71-4732-bb2b-6a5910be355c" name="cfc@CFC-WINDOWS 2013-03-08 18:18:07" runUser="cfc-windows\cfc" xmlns="http://microsoft.com/schemas/VisualStudio/TeamTest/2010">
  <TestSettings name="Local" id="d3654c14-fcf5-4f6a-ac3b-24d3329e6322">
    <Description>These are default test settings for a local test run.</Description>
    <Deployment enabled="false" runDeploymentRoot="cfc_CFC-WINDOWS 2013-03-08 18_18_07">
      <DeploymentItem filename="C:\mellon\github\Turma1Mellon\SistemaVendas\packages\Moq.4.0.10827\lib\NET40\Moq.dll" />
      <DeploymentItem filename="C:\mellon\github\Turma1Mellon\SistemaVendas\SistemaVendas\bin\Debug\SistemaVendas.exe" />
    </Deployment>
    <Execution>
      <TestTypeSpecific />
      <AgentRule name="Execution Agents">
      </AgentRule>
    </Execution>
  </TestSettings>
  <Times creation="2013-03-08T18:18:07.5065993-03:00" queuing="2013-03-08T18:18:07.5186000-03:00" start="2013-03-08T18:18:07.5526019-03:00" finish="2013-03-08T18:18:08.1686371-03:00" />
  <ResultSummary outcome="Failed">
    <Counters total="1" executed="1" error="0" failed="1" timeout="0" aborted="0" inconclusive="0" passedButRunAborted="0" notRunnable="0" notExecuted="0" disconnected="0" warning="0" passed="0" completed="0" inProgress="0" pending="0" />
  </ResultSummary>
  <TestDefinitions>
    <UnitTest name="TesteCalculaTotalDeRoyaltiesDoMes1Venda100" storage="c:\mellon\github\turma1mellon\sistemavendas\testevendas\bin\debug\testevendas.dll" id="78fb54e8-42a5-1229-c5bd-98b8000f9776">
      <Execution id="de5ccf82-284f-49a4-8125-cb2080aa737c" />
      <TestMethod codeBase="C:/mellon/github/Turma1Mellon/SistemaVendas/TesteVendas/bin/Debug/TesteVendas.DLL" adapterTypeName="Microsoft.VisualStudio.TestTools.TestTypes.Unit.UnitTestAdapter, Microsoft.VisualStudio.QualityTools.Tips.UnitTest.Adapter, Version=10.0.0.0, Culture=neutral, PublicKeyToken=b03f5f7f11d50a3a" className="TesteVendas.TesteCalculoRoyalties, TesteVendas, Version=1.0.0.0, Culture=neutral, PublicKeyToken=null" name="TesteCalculaTotalDeRoyaltiesDoMes1Venda100" />
    </UnitTest>
  </TestDefinitions>
  <TestLists>
    <TestList name="Results Not in a List" id="8c84fa94-04c1-424b-9868-57a2d4851a1d" />
    <TestList name="All Loaded Results" id="19431567-8539-422a-85d7-44ee4e166bda" />
  </TestLists>
  <TestEntries>
    <TestEntry testId="78fb54e8-42a5-1229-c5bd-98b8000f9776" executionId="de5ccf82-284f-49a4-8125-cb2080aa737c" testListId="8c84fa94-04c1-424b-9868-57a2d4851a1d" />
  </TestEntries>
  <Results>
    <UnitTestResult executionId="de5ccf82-284f-49a4-8125-cb2080aa737c" testId="78fb54e8-42a5-1229-c5bd-98b8000f9776" testName="TesteCalculaTotalDeRoyaltiesDoMes1Venda100" computerName="CFC-WINDOWS" duration="00:00:00.3318505" startTime="2013-03-08T18:18:07.5606024-03:00" endTime="2013-03-08T18:18:08.1266347-03:00" testType="13cdc9d9-ddb5-4fa4-a97d-d965ccfc6d4b" outcome="Failed" testListId="8c84fa94-04c1-424b-9868-57a2d4851a1d" relativeResultsDirectory="de5ccf82-284f-49a4-8125-cb2080aa737c">
      <Output>
        <ErrorInfo>
          <Message>Test method TesteVendas.TesteCalculoRoyalties.TesteCalculaTotalDeRoyaltiesDoMes1Venda100 threw exception: 
Moq.MockException: 
Expected invocation on the mock should never have been performed, but was 1 times: mock =&gt; mock.GetVendas(.mes, .ano)

Configured setups:
r =&gt; r.GetVendas(.mes, .ano), Times.Once

Performed invocations:
IVendaRepository.GetVendas(1, 2013)</Message>
          <StackTrace>    em Moq.Mock.ThrowVerifyException(MethodCall expected, IEnumerable`1 setups, IEnumerable`1 actualCalls, Expression expression, Times times, Int32 callCount)
   em Moq.Mock.VerifyCalls(Interceptor targetInterceptor, MethodCall expected, Expression expression, Times times)
   em Moq.Mock.Verify[T,TResult](Mock mock, Expression`1 expression, Times times, String failMessage)
   em Moq.Mock`1.Verify[TResult](Expression`1 expression, Times times)
   em TesteVendas.TesteCalculoRoyalties.TesteCalculaTotalDeRoyaltiesDoMes1Venda100() na C:\mellon\github\Turma1Mellon\SistemaVendas\TesteVendas\TesteCalculoRoyalties.cs:linha 42
</StackTrace>
        </ErrorInfo>
      </Output>
    </UnitTestResult>
  </Results>
</TestRun>