<?xml version="1.0" encoding="UTF-8"?>
<TestRun id="4bda53d6-fd30-43ec-9561-a24de0571a95" name="cfc@CFC-WINDOWS 2013-03-08 11:52:59" runUser="cfc-windows\cfc" xmlns="http://microsoft.com/schemas/VisualStudio/TeamTest/2010">
  <TestSettings name="Local" id="d3654c14-fcf5-4f6a-ac3b-24d3329e6322">
    <Description>These are default test settings for a local test run.</Description>
    <Deployment enabled="false" runDeploymentRoot="cfc_CFC-WINDOWS 2013-03-08 11_52_59">
      <DeploymentItem filename="C:\mellon\SistemaVendas\packages\Moq.4.0.10827\lib\NET40\Moq.dll" />
      <DeploymentItem filename="C:\mellon\SistemaVendas\SistemaVendas\bin\Debug\SistemaVendas.exe" />
    </Deployment>
    <Execution>
      <TestTypeSpecific />
      <AgentRule name="Execution Agents">
      </AgentRule>
    </Execution>
  </TestSettings>
  <Times creation="2013-03-08T11:52:59.9539229-03:00" queuing="2013-03-08T11:52:59.9659236-03:00" start="2013-03-08T11:52:59.9939252-03:00" finish="2013-03-08T11:53:00.2349389-03:00" />
  <ResultSummary outcome="Completed">
    <Counters total="1" executed="1" passed="1" error="0" failed="0" timeout="0" aborted="0" inconclusive="0" passedButRunAborted="0" notRunnable="0" notExecuted="0" disconnected="0" warning="0" completed="0" inProgress="0" pending="0" />
  </ResultSummary>
  <TestDefinitions>
    <UnitTest name="TesteCalculoComissaoVenda100Retorna5" storage="c:\mellon\sistemavendas\testevendas\bin\debug\testevendas.dll" id="fd53013b-2dc8-1db2-b5f5-ec13ae4fca5c">
      <Execution id="ad48d940-6b71-46d2-b1a1-a7cdf85a2ffa" />
      <TestMethod codeBase="C:/mellon/SistemaVendas/TesteVendas/bin/Debug/TesteVendas.DLL" adapterTypeName="Microsoft.VisualStudio.TestTools.TestTypes.Unit.UnitTestAdapter, Microsoft.VisualStudio.QualityTools.Tips.UnitTest.Adapter, Version=10.0.0.0, Culture=neutral, PublicKeyToken=b03f5f7f11d50a3a" className="TesteVendas.TesteCalculoComissao, TesteVendas, Version=1.0.0.0, Culture=neutral, PublicKeyToken=null" name="TesteCalculoComissaoVenda100Retorna5" />
    </UnitTest>
  </TestDefinitions>
  <TestLists>
    <TestList name="Results Not in a List" id="8c84fa94-04c1-424b-9868-57a2d4851a1d" />
    <TestList name="All Loaded Results" id="19431567-8539-422a-85d7-44ee4e166bda" />
  </TestLists>
  <TestEntries>
    <TestEntry testId="fd53013b-2dc8-1db2-b5f5-ec13ae4fca5c" executionId="ad48d940-6b71-46d2-b1a1-a7cdf85a2ffa" testListId="8c84fa94-04c1-424b-9868-57a2d4851a1d" />
  </TestEntries>
  <Results>
    <UnitTestResult executionId="ad48d940-6b71-46d2-b1a1-a7cdf85a2ffa" testId="fd53013b-2dc8-1db2-b5f5-ec13ae4fca5c" testName="TesteCalculoComissaoVenda100Retorna5" computerName="CFC-WINDOWS" duration="00:00:00.0271988" startTime="2013-03-08T11:53:00.0039257-03:00" endTime="2013-03-08T11:53:00.2209381-03:00" testType="13cdc9d9-ddb5-4fa4-a97d-d965ccfc6d4b" outcome="Passed" testListId="8c84fa94-04c1-424b-9868-57a2d4851a1d" relativeResultsDirectory="ad48d940-6b71-46d2-b1a1-a7cdf85a2ffa">
    </UnitTestResult>
  </Results>
</TestRun>