<?xml version="1.0" encoding="UTF-8"?>
<TestRun id="620453f1-bd8b-4119-b66d-55e24d1c7ee9" name="cfc@CFC-WINDOWS 2013-03-08 10:31:53" runUser="cfc-windows\cfc" xmlns="http://microsoft.com/schemas/VisualStudio/TeamTest/2010">
  <TestSettings name="Local" id="d3654c14-fcf5-4f6a-ac3b-24d3329e6322">
    <Description>These are default test settings for a local test run.</Description>
    <Deployment enabled="false" runDeploymentRoot="cfc_CFC-WINDOWS 2013-03-08 10_31_53">
      <DeploymentItem filename="C:\mellon\SistemaVendas\packages\Moq.4.0.10827\lib\NET40\Moq.dll" />
      <DeploymentItem filename="C:\mellon\SistemaVendas\SistemaVendas\bin\Debug\SistemaVendas.exe" />
    </Deployment>
    <Execution>
      <TestTypeSpecific />
      <AgentRule name="Execution Agents">
      </AgentRule>
    </Execution>
  </TestSettings>
  <Times creation="2013-03-08T10:31:53.3345682-03:00" queuing="2013-03-08T10:31:54.9756620-03:00" start="2013-03-08T10:31:55.1216704-03:00" finish="2013-03-08T10:31:55.7327053-03:00" />
  <ResultSummary outcome="Failed">
    <Counters total="1" executed="1" error="0" failed="1" timeout="0" aborted="0" inconclusive="0" passedButRunAborted="0" notRunnable="0" notExecuted="0" disconnected="0" warning="0" passed="0" completed="0" inProgress="0" pending="0" />
  </ResultSummary>
  <TestDefinitions>
    <UnitTest name="TestMethod1" storage="c:\mellon\sistemavendas\testevendas\bin\debug\testevendas.dll" id="83286fea-ea0c-c9c7-3bd1-4ac1e367afc6">
      <Execution id="a1e8da19-1646-4a8a-87ee-a48b1cdc956a" />
      <TestMethod codeBase="C:/mellon/SistemaVendas/TesteVendas/bin/Debug/TesteVendas.DLL" adapterTypeName="Microsoft.VisualStudio.TestTools.TestTypes.Unit.UnitTestAdapter, Microsoft.VisualStudio.QualityTools.Tips.UnitTest.Adapter, Version=10.0.0.0, Culture=neutral, PublicKeyToken=b03f5f7f11d50a3a" className="TesteVendas.UnitTest1, TesteVendas, Version=1.0.0.0, Culture=neutral, PublicKeyToken=null" name="TestMethod1" />
    </UnitTest>
  </TestDefinitions>
  <TestLists>
    <TestList name="Results Not in a List" id="8c84fa94-04c1-424b-9868-57a2d4851a1d" />
    <TestList name="All Loaded Results" id="19431567-8539-422a-85d7-44ee4e166bda" />
  </TestLists>
  <TestEntries>
    <TestEntry testId="83286fea-ea0c-c9c7-3bd1-4ac1e367afc6" executionId="a1e8da19-1646-4a8a-87ee-a48b1cdc956a" testListId="8c84fa94-04c1-424b-9868-57a2d4851a1d" />
  </TestEntries>
  <Results>
    <UnitTestResult executionId="a1e8da19-1646-4a8a-87ee-a48b1cdc956a" testId="83286fea-ea0c-c9c7-3bd1-4ac1e367afc6" testName="TestMethod1" computerName="CFC-WINDOWS" duration="00:00:00.1901915" startTime="2013-03-08T10:31:55.1786736-03:00" endTime="2013-03-08T10:31:55.6937031-03:00" testType="13cdc9d9-ddb5-4fa4-a97d-d965ccfc6d4b" outcome="Failed" testListId="8c84fa94-04c1-424b-9868-57a2d4851a1d" relativeResultsDirectory="a1e8da19-1646-4a8a-87ee-a48b1cdc956a">
      <Output>
        <ErrorInfo>
          <Message>Assert.AreEqual failed. Expected:&lt;1&gt;. Actual:&lt;2&gt;. </Message>
          <StackTrace>   em TesteVendas.UnitTest1.TestMethod1() na C:\mellon\SistemaVendas\TesteVendas\UnitTest1.cs:linha 13
</StackTrace>
        </ErrorInfo>
      </Output>
    </UnitTestResult>
  </Results>
</TestRun>