<?xml version="1.0" encoding="UTF-8"?>
<TestRun id="03c4b82e-45ea-4ba7-8cb9-84768f5471ef" name="cfc@CFC-WINDOWS 2013-03-08 18:01:16" runUser="cfc-windows\cfc" xmlns="http://microsoft.com/schemas/VisualStudio/TeamTest/2010">
  <TestSettings name="Local" id="d3654c14-fcf5-4f6a-ac3b-24d3329e6322">
    <Description>These are default test settings for a local test run.</Description>
    <Deployment enabled="false" runDeploymentRoot="cfc_CFC-WINDOWS 2013-03-08 18_01_16">
      <DeploymentItem filename="C:\mellon\github\Turma1Mellon\SistemaVendas\packages\Moq.4.0.10827\lib\NET40\Moq.dll" />
      <DeploymentItem filename="C:\mellon\github\Turma1Mellon\SistemaVendas\SistemaVendas\bin\Debug\SistemaVendas.exe" />
    </Deployment>
    <Execution>
      <TestTypeSpecific />
      <AgentRule name="Execution Agents">
      </AgentRule>
    </Execution>
  </TestSettings>
  <Times creation="2013-03-08T18:01:16.5877780-03:00" queuing="2013-03-08T18:01:19.5259461-03:00" start="2013-03-08T18:01:19.6939557-03:00" finish="2013-03-08T18:01:40.7071576-03:00" />
  <ResultSummary outcome="Error">
    <Counters total="7" executed="4" passed="3" error="0" failed="0" timeout="0" aborted="1" inconclusive="0" passedButRunAborted="0" notRunnable="0" notExecuted="3" disconnected="0" warning="0" completed="0" inProgress="0" pending="0" />
    <RunInfos>
      <RunInfo computerName="CFC-WINDOWS" outcome="Error" timestamp="2013-03-08T18:01:40.5821504-03:00">
        <Text>Test host process exited unexpectedly.</Text>
      </RunInfo>
    </RunInfos>
  </ResultSummary>
  <TestDefinitions>
    <UnitTest name="TesteCalculoComissaoVenda100000Retorna6000" storage="c:\mellon\github\turma1mellon\sistemavendas\testevendas\bin\debug\testevendas.dll" id="7cdfdda0-22c4-9f76-c685-0a553f61ec05">
      <Execution id="2a962181-4f02-4c1e-99ee-4b0c8a63ba49" />
      <TestMethod codeBase="C:/mellon/github/Turma1Mellon/SistemaVendas/TesteVendas/bin/Debug/TesteVendas.DLL" adapterTypeName="Microsoft.VisualStudio.TestTools.TestTypes.Unit.UnitTestAdapter, Microsoft.VisualStudio.QualityTools.Tips.UnitTest.Adapter, Version=10.0.0.0, Culture=neutral, PublicKeyToken=b03f5f7f11d50a3a" className="TesteVendas.TesteCalculoComissao, TesteVendas, Version=1.0.0.0, Culture=neutral, PublicKeyToken=null" name="TesteCalculoComissaoVenda100000Retorna6000" />
    </UnitTest>
    <UnitTest name="TesteCalculoComissaoVenda100Retorna5" storage="c:\mellon\github\turma1mellon\sistemavendas\testevendas\bin\debug\testevendas.dll" id="fd53013b-2dc8-1db2-b5f5-ec13ae4fca5c">
      <Execution id="e56f98ac-5f3b-4ccb-9865-777ebc6b5189" />
      <TestMethod codeBase="C:/mellon/github/Turma1Mellon/SistemaVendas/TesteVendas/bin/Debug/TesteVendas.DLL" adapterTypeName="Microsoft.VisualStudio.TestTools.TestTypes.Unit.UnitTestAdapter, Microsoft.VisualStudio.QualityTools.Tips.UnitTest.Adapter, Version=10.0.0.0, Culture=neutral, PublicKeyToken=b03f5f7f11d50a3a" className="TesteVendas.TesteCalculoComissao, TesteVendas, Version=1.0.0.0, Culture=neutral, PublicKeyToken=null" name="TesteCalculoComissaoVenda100Retorna5" />
    </UnitTest>
    <UnitTest name="TesteCalculoComissaoVenda200000Retorna12000" storage="c:\mellon\github\turma1mellon\sistemavendas\testevendas\bin\debug\testevendas.dll" id="3cb71dc5-8aec-1641-df14-1ce84aea5ec7">
      <Execution id="f71f5c02-3b0a-4cb3-a74d-da4122bfe045" />
      <TestMethod codeBase="C:/mellon/github/Turma1Mellon/SistemaVendas/TesteVendas/bin/Debug/TesteVendas.DLL" adapterTypeName="Microsoft.VisualStudio.TestTools.TestTypes.Unit.UnitTestAdapter, Microsoft.VisualStudio.QualityTools.Tips.UnitTest.Adapter, Version=10.0.0.0, Culture=neutral, PublicKeyToken=b03f5f7f11d50a3a" className="TesteVendas.TesteCalculoComissao, TesteVendas, Version=1.0.0.0, Culture=neutral, PublicKeyToken=null" name="TesteCalculoComissaoVenda200000Retorna12000" />
    </UnitTest>
    <UnitTest name="TesteCalculoComissaoVenda200Retorna10" storage="c:\mellon\github\turma1mellon\sistemavendas\testevendas\bin\debug\testevendas.dll" id="c0258968-f0f0-5010-d946-a029b25db6e5">
      <Execution id="63c85b49-f709-4213-bee3-e67006b4ea9d" />
      <TestMethod codeBase="C:/mellon/github/Turma1Mellon/SistemaVendas/TesteVendas/bin/Debug/TesteVendas.DLL" adapterTypeName="Microsoft.VisualStudio.TestTools.TestTypes.Unit.UnitTestAdapter, Microsoft.VisualStudio.QualityTools.Tips.UnitTest.Adapter, Version=10.0.0.0, Culture=neutral, PublicKeyToken=b03f5f7f11d50a3a" className="TesteVendas.TesteCalculoComissao, TesteVendas, Version=1.0.0.0, Culture=neutral, PublicKeyToken=null" name="TesteCalculoComissaoVenda200Retorna10" />
    </UnitTest>
    <UnitTest name="TesteCalculaTotalDeRoyaltiesDoMes1Venda100" storage="c:\mellon\github\turma1mellon\sistemavendas\testevendas\bin\debug\testevendas.dll" id="78fb54e8-42a5-1229-c5bd-98b8000f9776">
      <Execution id="ad305910-cd66-48d4-a409-a34a624cd3ff" />
      <TestMethod codeBase="C:/mellon/github/Turma1Mellon/SistemaVendas/TesteVendas/bin/Debug/TesteVendas.DLL" adapterTypeName="Microsoft.VisualStudio.TestTools.TestTypes.Unit.UnitTestAdapter, Microsoft.VisualStudio.QualityTools.Tips.UnitTest.Adapter, Version=10.0.0.0, Culture=neutral, PublicKeyToken=b03f5f7f11d50a3a" className="TesteVendas.TesteCalculoRoyalties, TesteVendas, Version=1.0.0.0, Culture=neutral, PublicKeyToken=null" name="TesteCalculaTotalDeRoyaltiesDoMes1Venda100" />
    </UnitTest>
    <UnitTest name="TesteCalculoComissaoVenda10000Retorna500" storage="c:\mellon\github\turma1mellon\sistemavendas\testevendas\bin\debug\testevendas.dll" id="166b461e-e1ae-ddb7-ae80-40a53b948e19">
      <Execution id="5b034143-a513-4f64-8134-3c5857dd2bd3" />
      <TestMethod codeBase="C:/mellon/github/Turma1Mellon/SistemaVendas/TesteVendas/bin/Debug/TesteVendas.DLL" adapterTypeName="Microsoft.VisualStudio.TestTools.TestTypes.Unit.UnitTestAdapter, Microsoft.VisualStudio.QualityTools.Tips.UnitTest.Adapter, Version=10.0.0.0, Culture=neutral, PublicKeyToken=b03f5f7f11d50a3a" className="TesteVendas.TesteCalculoComissao, TesteVendas, Version=1.0.0.0, Culture=neutral, PublicKeyToken=null" name="TesteCalculoComissaoVenda10000Retorna500" />
    </UnitTest>
    <UnitTest name="TesteCalculoComissaoVendaComProblemaArrendondamento" storage="c:\mellon\github\turma1mellon\sistemavendas\testevendas\bin\debug\testevendas.dll" id="6b702467-13e1-9ee4-1781-b293a398b1a4">
      <Execution id="96e8d0db-4859-44ec-ad8b-9af7ac236cc9" />
      <TestMethod codeBase="C:/mellon/github/Turma1Mellon/SistemaVendas/TesteVendas/bin/Debug/TesteVendas.DLL" adapterTypeName="Microsoft.VisualStudio.TestTools.TestTypes.Unit.UnitTestAdapter, Microsoft.VisualStudio.QualityTools.Tips.UnitTest.Adapter, Version=10.0.0.0, Culture=neutral, PublicKeyToken=b03f5f7f11d50a3a" className="TesteVendas.TesteCalculoComissao, TesteVendas, Version=1.0.0.0, Culture=neutral, PublicKeyToken=null" name="TesteCalculoComissaoVendaComProblemaArrendondamento" />
    </UnitTest>
  </TestDefinitions>
  <TestLists>
    <TestList name="Results Not in a List" id="8c84fa94-04c1-424b-9868-57a2d4851a1d" />
    <TestList name="All Loaded Results" id="19431567-8539-422a-85d7-44ee4e166bda" />
  </TestLists>
  <TestEntries>
    <TestEntry testId="166b461e-e1ae-ddb7-ae80-40a53b948e19" executionId="5b034143-a513-4f64-8134-3c5857dd2bd3" testListId="8c84fa94-04c1-424b-9868-57a2d4851a1d" />
    <TestEntry testId="3cb71dc5-8aec-1641-df14-1ce84aea5ec7" executionId="f71f5c02-3b0a-4cb3-a74d-da4122bfe045" testListId="8c84fa94-04c1-424b-9868-57a2d4851a1d" />
    <TestEntry testId="6b702467-13e1-9ee4-1781-b293a398b1a4" executionId="96e8d0db-4859-44ec-ad8b-9af7ac236cc9" testListId="8c84fa94-04c1-424b-9868-57a2d4851a1d" />
    <TestEntry testId="78fb54e8-42a5-1229-c5bd-98b8000f9776" executionId="ad305910-cd66-48d4-a409-a34a624cd3ff" testListId="8c84fa94-04c1-424b-9868-57a2d4851a1d" />
    <TestEntry testId="7cdfdda0-22c4-9f76-c685-0a553f61ec05" executionId="2a962181-4f02-4c1e-99ee-4b0c8a63ba49" testListId="8c84fa94-04c1-424b-9868-57a2d4851a1d" />
    <TestEntry testId="c0258968-f0f0-5010-d946-a029b25db6e5" executionId="63c85b49-f709-4213-bee3-e67006b4ea9d" testListId="8c84fa94-04c1-424b-9868-57a2d4851a1d" />
    <TestEntry testId="fd53013b-2dc8-1db2-b5f5-ec13ae4fca5c" executionId="e56f98ac-5f3b-4ccb-9865-777ebc6b5189" testListId="8c84fa94-04c1-424b-9868-57a2d4851a1d" />
  </TestEntries>
  <Results>
    <UnitTestResult executionId="5b034143-a513-4f64-8134-3c5857dd2bd3" testId="166b461e-e1ae-ddb7-ae80-40a53b948e19" testName="TesteCalculoComissaoVenda10000Retorna500" computerName="CFC-WINDOWS" duration="00:00:00.0238797" startTime="2013-03-08T18:01:19.7799606-03:00" endTime="2013-03-08T18:01:20.4990017-03:00" testType="13cdc9d9-ddb5-4fa4-a97d-d965ccfc6d4b" outcome="Passed" testListId="8c84fa94-04c1-424b-9868-57a2d4851a1d" relativeResultsDirectory="5b034143-a513-4f64-8134-3c5857dd2bd3">
    </UnitTestResult>
    <UnitTestResult executionId="f71f5c02-3b0a-4cb3-a74d-da4122bfe045" testId="3cb71dc5-8aec-1641-df14-1ce84aea5ec7" testName="TesteCalculoComissaoVenda200000Retorna12000" computerName="CFC-WINDOWS" duration="00:00:00.0003513" startTime="2013-03-08T18:01:20.5340037-03:00" endTime="2013-03-08T18:01:20.5480045-03:00" testType="13cdc9d9-ddb5-4fa4-a97d-d965ccfc6d4b" outcome="Passed" testListId="8c84fa94-04c1-424b-9868-57a2d4851a1d" relativeResultsDirectory="f71f5c02-3b0a-4cb3-a74d-da4122bfe045">
    </UnitTestResult>
    <UnitTestResult executionId="96e8d0db-4859-44ec-ad8b-9af7ac236cc9" testId="6b702467-13e1-9ee4-1781-b293a398b1a4" testName="TesteCalculoComissaoVendaComProblemaArrendondamento" computerName="CFC-WINDOWS" duration="00:00:00.0003464" startTime="2013-03-08T18:01:20.5560050-03:00" endTime="2013-03-08T18:01:20.5660056-03:00" testType="13cdc9d9-ddb5-4fa4-a97d-d965ccfc6d4b" outcome="Passed" testListId="8c84fa94-04c1-424b-9868-57a2d4851a1d" relativeResultsDirectory="96e8d0db-4859-44ec-ad8b-9af7ac236cc9">
    </UnitTestResult>
    <UnitTestResult executionId="ad305910-cd66-48d4-a409-a34a624cd3ff" testId="78fb54e8-42a5-1229-c5bd-98b8000f9776" testName="TesteCalculaTotalDeRoyaltiesDoMes1Venda100" computerName="CFC-WINDOWS" duration="00:00:20.0301456" startTime="2013-03-08T18:01:20.5730060-03:00" endTime="2013-03-08T18:01:40.6031516-03:00" testType="13cdc9d9-ddb5-4fa4-a97d-d965ccfc6d4b" outcome="Aborted" testListId="8c84fa94-04c1-424b-9868-57a2d4851a1d" relativeResultsDirectory="ad305910-cd66-48d4-a409-a34a624cd3ff">
    </UnitTestResult>
    <UnitTestResult executionId="2a962181-4f02-4c1e-99ee-4b0c8a63ba49" testId="7cdfdda0-22c4-9f76-c685-0a553f61ec05" testName="TesteCalculoComissaoVenda100000Retorna6000" computerName="CFC-WINDOWS" testType="13cdc9d9-ddb5-4fa4-a97d-d965ccfc6d4b" outcome="NotExecuted" testListId="8c84fa94-04c1-424b-9868-57a2d4851a1d" relativeResultsDirectory="2a962181-4f02-4c1e-99ee-4b0c8a63ba49">
    </UnitTestResult>
    <UnitTestResult executionId="63c85b49-f709-4213-bee3-e67006b4ea9d" testId="c0258968-f0f0-5010-d946-a029b25db6e5" testName="TesteCalculoComissaoVenda200Retorna10" computerName="CFC-WINDOWS" testType="13cdc9d9-ddb5-4fa4-a97d-d965ccfc6d4b" outcome="NotExecuted" testListId="8c84fa94-04c1-424b-9868-57a2d4851a1d" relativeResultsDirectory="63c85b49-f709-4213-bee3-e67006b4ea9d">
    </UnitTestResult>
    <UnitTestResult executionId="e56f98ac-5f3b-4ccb-9865-777ebc6b5189" testId="fd53013b-2dc8-1db2-b5f5-ec13ae4fca5c" testName="TesteCalculoComissaoVenda100Retorna5" computerName="CFC-WINDOWS" testType="13cdc9d9-ddb5-4fa4-a97d-d965ccfc6d4b" outcome="NotExecuted" testListId="8c84fa94-04c1-424b-9868-57a2d4851a1d" relativeResultsDirectory="e56f98ac-5f3b-4ccb-9865-777ebc6b5189">
    </UnitTestResult>
  </Results>
</TestRun>